<?xml version="1.0" encoding="utf-8"?><testsuites name="pytest tests"><testsuite name="pytest" errors="0" failures="1" skipped="0" tests="23" time="37.019" timestamp="2026-05-04T19:39:10.952652+03:00" hostname="DESKTOP-FU0B1NU"><testcase classname="tests.test_isolation.TestRoomIsolation" name="test_hotel_a_staff_cannot_get_hotel_b_room" time="1.795" /><testcase classname="tests.test_isolation.TestRoomIsolation" name="test_hotel_a_staff_cannot_update_hotel_b_room_status" time="1.410" /><testcase classname="tests.test_isolation.TestRoomIsolation" name="test_hotel_a_staff_room_list_excludes_hotel_b" time="1.244" /><testcase classname="tests.test_isolation.TestRoomIsolation" name="test_superadmin_can_see_all_rooms" time="1.069" /><testcase classname="tests.test_isolation.TestReservationIsolation" name="test_hotel_a_staff_cannot_get_hotel_b_reservation" time="1.960" /><testcase classname="tests.test_isolation.TestReservationIsolation" name="test_hotel_a_staff_reservation_list_excludes_hotel_b" time="2.299" /><testcase classname="tests.test_isolation.TestReservationIsolation" name="test_hotel_a_staff_cannot_cancel_hotel_b_reservation" time="1.800" /><testcase classname="tests.test_isolation.TestFolioIsolation" name="test_hotel_a_staff_cannot_get_hotel_b_folio" time="1.672" /><testcase classname="tests.test_isolation.TestFolioIsolation" name="test_hotel_a_staff_cannot_add_charge_to_hotel_b_folio" time="2.337" /><testcase classname="tests.test_isolation.TestFolioIsolation" name="test_hotel_a_staff_cannot_close_hotel_b_folio" time="1.927" /><testcase classname="tests.test_isolation.TestFolioIsolation" name="test_hotel_a_staff_folio_list_excludes_hotel_b" time="1.710" /><testcase classname="tests.test_isolation.TestGuestIsolation" name="test_hotel_a_staff_cannot_get_hotel_b_guest_detail" time="2.837" /><testcase classname="tests.test_isolation.TestGuestIsolation" name="test_hotel_a_staff_guest_list_excludes_hotel_b_guests" time="1.782" /><testcase classname="tests.test_isolation.TestHousekeepingIsolation" name="test_hotel_a_staff_cannot_start_hotel_b_task" time="0.817" /><testcase classname="tests.test_isolation.TestHousekeepingIsolation" name="test_hotel_a_staff_cannot_complete_hotel_b_task" time="0.878" /><testcase classname="tests.test_isolation.TestHousekeepingIsolation" name="test_hotel_a_staff_cannot_update_hotel_b_room_status_via_hk" time="1.199" /><testcase classname="tests.test_isolation.TestMaintenanceIsolation" name="test_hotel_a_staff_cannot_view_hotel_b_maintenance_request" time="1.237" /><testcase classname="tests.test_isolation.TestMaintenanceIsolation" name="test_hotel_a_staff_cannot_start_hotel_b_maintenance" time="1.012" /><testcase classname="tests.test_isolation.TestMaintenanceIsolation" name="test_hotel_a_staff_cannot_complete_hotel_b_maintenance" time="1.007" /><testcase classname="tests.test_isolation.TestMaintenanceIsolation" name="test_hotel_a_staff_cannot_assign_hotel_b_maintenance" time="0.873"><failure message="AssertionError: Expected 404 but got 403 — Hotel A staff assigned Hotel B maintenance!&#10;assert 403 == 404&#10; +  where 403 = &lt;Response status_code=403, &quot;application/json&quot;&gt;.status_code&#10; +  and   404 = http_status.HTTP_404_NOT_FOUND">self = &lt;tests.test_isolation.TestMaintenanceIsolation object at 0x0000020BF9D81350&gt;
maintenance_worker_a = &lt;User: Mike Maintenance (maintenance_a_8ac313@hotelalpha.com)&gt;
maintenance_b = &lt;MaintenanceRequest: MNT-37789EBA - Broken AC&gt;

    def test_hotel_a_staff_cannot_assign_hotel_b_maintenance(self, maintenance_worker_a, maintenance_b):
        r = client_for(maintenance_worker_a).post(
            f"/api/v1/maintenance/requests/{maintenance_b.id}/assign/",
            {"assigned_to": maintenance_worker_a.id},
            format="json",
        )
&gt;       assert r.status_code == http_status.HTTP_404_NOT_FOUND, (
            f"Expected 404 but got {r.status_code} — Hotel A staff assigned Hotel B maintenance!"
        )
E       AssertionError: Expected 404 but got 403 — Hotel A staff assigned Hotel B maintenance!
E       assert 403 == 404
E        +  where 403 = &lt;Response status_code=403, "application/json"&gt;.status_code
E        +  and   404 = http_status.HTTP_404_NOT_FOUND

tests\test_isolation.py:421: AssertionError</failure></testcase><testcase classname="tests.test_isolation.TestListIsolation" name="test_rooms_list_only_own_property" time="1.359" /><testcase classname="tests.test_isolation.TestListIsolation" name="test_reservations_list_only_own_property" time="2.081" /><testcase classname="tests.test_isolation.TestListIsolation" name="test_folios_list_only_own_property" time="1.760" /></testsuite></testsuites>